::1 - - [06/Oct/2024:22:27:14 +0000] "GET /auth/test HTTP/1.1" 200 10 "-" "Mozilla/5.0 (Macintosh; Intel Mac OS X 10_15_7) AppleWebKit/537.36 (KHTML, like Gecko) Chrome/129.0.0.0 Safari/537.36"
::1 - - [06/Oct/2024:22:27:35 +0000] "GET /tasks/test HTTP/1.1" 200 9 "-" "Mozilla/5.0 (Macintosh; Intel Mac OS X 10_15_7) AppleWebKit/537.36 (KHTML, like Gecko) Chrome/129.0.0.0 Safari/537.36"
::1 - - [06/Oct/2024:22:34:50 +0000] "GET /auth/signup HTTP/1.1" 200 4 "-" "Mozilla/5.0 (Macintosh; Intel Mac OS X 10_15_7) AppleWebKit/537.36 (KHTML, like Gecko) Chrome/129.0.0.0 Safari/537.36"
::1 - - [06/Oct/2024:22:34:57 +0000] "GET /auth/signup HTTP/1.1" 304 - "-" "Mozilla/5.0 (Macintosh; Intel Mac OS X 10_15_7) AppleWebKit/537.36 (KHTML, like Gecko) Chrome/129.0.0.0 Safari/537.36"
::1 - - [06/Oct/2024:22:34:58 +0000] "GET /auth/signup HTTP/1.1" 200 8 "-" "Mozilla/5.0 (Macintosh; Intel Mac OS X 10_15_7) AppleWebKit/537.36 (KHTML, like Gecko) Chrome/129.0.0.0 Safari/537.36"
::1 - - [06/Oct/2024:23:31:17 +0000] "POST /auth/signup HTTP/1.1" 201 44 "-" "PostmanRuntime/7.39.1"
::1 - - [06/Oct/2024:23:31:24 +0000] "POST /auth/signup HTTP/1.1" 409 76 "-" "PostmanRuntime/7.39.1"
::1 - - [06/Oct/2024:23:53:43 +0000] "POST /auth/signin HTTP/1.1" 500 52 "-" "PostmanRuntime/7.39.1"
::1 - - [06/Oct/2024:23:54:02 +0000] "POST /auth/signin HTTP/1.1" 500 52 "-" "PostmanRuntime/7.39.1"
::1 - - [06/Oct/2024:23:55:26 +0000] "POST /auth/signin HTTP/1.1" 401 40 "-" "PostmanRuntime/7.39.1"
::1 - - [06/Oct/2024:23:55:34 +0000] "POST /auth/signin HTTP/1.1" 404 66 "-" "PostmanRuntime/7.39.1"
::1 - - [06/Oct/2024:23:55:40 +0000] "POST /auth/signin HTTP/1.1" 200 41 "-" "PostmanRuntime/7.39.1"
::1 - - [07/Oct/2024:00:03:49 +0000] "POST /auth/signup HTTP/1.1" 201 44 "-" "PostmanRuntime/7.39.1"
::1 - - [07/Oct/2024:00:04:23 +0000] "POST /auth/signup HTTP/1.1" 201 44 "-" "PostmanRuntime/7.39.1"
::1 - - [07/Oct/2024:00:04:24 +0000] "POST /auth/signup HTTP/1.1" 429 51 "-" "PostmanRuntime/7.39.1"
::1 - - [07/Oct/2024:00:04:26 +0000] "POST /auth/signup HTTP/1.1" 429 51 "-" "PostmanRuntime/7.39.1"
::1 - - [07/Oct/2024:00:09:16 +0000] "POST /auth/signout HTTP/1.1" 400 11 "-" "PostmanRuntime/7.39.1"
::1 - - [07/Oct/2024:00:09:46 +0000] "POST /auth/signout HTTP/1.1" 400 11 "-" "PostmanRuntime/7.39.1"
::1 - - [07/Oct/2024:00:09:55 +0000] "POST /auth/signout HTTP/1.1" 400 11 "-" "PostmanRuntime/7.39.1"
::1 - - [07/Oct/2024:00:10:23 +0000] "POST /auth/signout HTTP/1.1" 400 11 "-" "PostmanRuntime/7.39.1"
::1 - - [07/Oct/2024:00:15:35 +0000] "POST /auth/signout HTTP/1.1" 400 11 "-" "PostmanRuntime/7.39.1"
::1 - - [07/Oct/2024:00:17:53 +0000] "POST /auth/signout HTTP/1.1" 400 37 "-" "PostmanRuntime/7.39.1"
::1 - - [07/Oct/2024:00:18:01 +0000] "POST /auth/signin HTTP/1.1" 200 41 "-" "PostmanRuntime/7.39.1"
::1 - - [07/Oct/2024:00:18:11 +0000] "POST /auth/signout HTTP/1.1" 400 37 "-" "PostmanRuntime/7.39.1"
::1 - - [07/Oct/2024:00:18:13 +0000] "POST /auth/signout HTTP/1.1" 400 37 "-" "PostmanRuntime/7.39.1"
::1 - - [07/Oct/2024:00:18:15 +0000] "POST /auth/signin HTTP/1.1" 200 41 "-" "PostmanRuntime/7.39.1"
::1 - - [07/Oct/2024:00:18:16 +0000] "POST /auth/signout HTTP/1.1" 400 37 "-" "PostmanRuntime/7.39.1"
::1 - - [07/Oct/2024:00:18:37 +0000] "POST /auth/signin HTTP/1.1" 200 41 "-" "PostmanRuntime/7.39.1"
::1 - - [07/Oct/2024:00:18:40 +0000] "POST /auth/signout HTTP/1.1" 200 42 "-" "PostmanRuntime/7.39.1"
::1 - - [07/Oct/2024:00:18:43 +0000] "POST /auth/signout HTTP/1.1" 400 37 "-" "PostmanRuntime/7.39.1"
::1 - - [07/Oct/2024:00:20:22 +0000] "POST /auth/signin HTTP/1.1" 200 41 "-" "PostmanRuntime/7.39.1"
::1 - - [07/Oct/2024:00:20:25 +0000] "POST /auth/signout HTTP/1.1" 200 42 "-" "PostmanRuntime/7.39.1"
::1 - - [07/Oct/2024:00:20:26 +0000] "POST /auth/signout HTTP/1.1" 200 42 "-" "PostmanRuntime/7.39.1"
::1 - - [07/Oct/2024:00:20:32 +0000] "POST /auth/signout HTTP/1.1" 200 42 "-" "PostmanRuntime/7.39.1"
::1 - - [07/Oct/2024:00:20:33 +0000] "POST /auth/signout HTTP/1.1" 200 42 "-" "PostmanRuntime/7.39.1"
::1 - - [07/Oct/2024:00:20:33 +0000] "POST /auth/signout HTTP/1.1" 200 42 "-" "PostmanRuntime/7.39.1"
::1 - - [07/Oct/2024:00:20:33 +0000] "POST /auth/signout HTTP/1.1" 200 42 "-" "PostmanRuntime/7.39.1"
::1 - - [07/Oct/2024:00:20:34 +0000] "POST /auth/signout HTTP/1.1" 200 42 "-" "PostmanRuntime/7.39.1"
::1 - - [07/Oct/2024:00:20:34 +0000] "POST /auth/signout HTTP/1.1" 200 42 "-" "PostmanRuntime/7.39.1"
::1 - - [07/Oct/2024:01:10:07 +0000] "GET /api/users HTTP/1.1" 401 37 "-" "PostmanRuntime/7.39.1"
::1 - - [07/Oct/2024:01:10:16 +0000] "POST /auth/signin HTTP/1.1" 200 41 "-" "PostmanRuntime/7.39.1"
::1 - - [07/Oct/2024:01:10:18 +0000] "POST /auth/signout HTTP/1.1" 200 42 "-" "PostmanRuntime/7.39.1"
::1 - - [07/Oct/2024:01:10:22 +0000] "POST /auth/signin HTTP/1.1" 200 41 "-" "PostmanRuntime/7.39.1"
::1 - - [07/Oct/2024:01:10:26 +0000] "GET /api/users HTTP/1.1" 200 376 "-" "PostmanRuntime/7.39.1"
::1 - - [07/Oct/2024:01:22:21 +0000] "GET /api/users HTTP/1.1" 200 376 "-" "PostmanRuntime/7.39.1"
::1 - - [07/Oct/2024:01:22:21 +0000] "GET /api/users HTTP/1.1" 200 376 "-" "PostmanRuntime/7.39.1"
::1 - - [07/Oct/2024:01:27:11 +0000] "GET /api/users HTTP/1.1" 200 376 "-" "PostmanRuntime/7.39.1"
::1 - - [07/Oct/2024:01:27:21 +0000] "POST /api/tasks/new HTTP/1.1" 500 38 "-" "PostmanRuntime/7.39.1"
::1 - - [07/Oct/2024:01:29:51 +0000] "GET /api/users HTTP/1.1" 200 376 "-" "PostmanRuntime/7.39.1"
::1 - - [07/Oct/2024:01:29:56 +0000] "POST /api/tasks/new HTTP/1.1" 500 359 "-" "PostmanRuntime/7.39.1"
::1 - - [07/Oct/2024:01:31:00 +0000] "POST /api/tasks/new HTTP/1.1" 500 359 "-" "PostmanRuntime/7.39.1"
::1 - - [07/Oct/2024:01:31:57 +0000] "POST /api/tasks/new HTTP/1.1" 500 359 "-" "PostmanRuntime/7.39.1"
::1 - - [07/Oct/2024:01:35:29 +0000] "POST /api/tasks/new HTTP/1.1" 500 359 "-" "PostmanRuntime/7.39.1"
::1 - - [07/Oct/2024:01:35:54 +0000] "POST /api/tasks/new HTTP/1.1" 500 359 "-" "PostmanRuntime/7.39.1"
::1 - - [07/Oct/2024:01:36:10 +0000] "POST /api/tasks/new HTTP/1.1" 500 58 "-" "PostmanRuntime/7.39.1"
::1 - - [07/Oct/2024:01:37:54 +0000] "POST /api/tasks/new HTTP/1.1" 201 302 "-" "PostmanRuntime/7.39.1"
::1 - - [07/Oct/2024:01:38:25 +0000] "GET /api/users HTTP/1.1" 200 402 "-" "PostmanRuntime/7.39.1"
::1 - - [07/Oct/2024:01:44:11 +0000] "POST /api/tasks/new HTTP/1.1" 201 308 "-" "PostmanRuntime/7.39.1"
::1 - - [07/Oct/2024:01:44:17 +0000] "GET /api/users HTTP/1.1" 200 455 "-" "PostmanRuntime/7.39.1"
::1 - - [07/Oct/2024:02:18:36 +0000] "GET /api/tasks/owned HTTP/1.1" 200 49 "-" "PostmanRuntime/7.39.1"
::1 - - [07/Oct/2024:02:21:03 +0000] "GET /api/tasks/owned HTTP/1.1" 200 554 "-" "PostmanRuntime/7.39.1"
::1 - - [07/Oct/2024:03:09:54 +0000] "GET /api/users HTTP/1.1" 200 455 "-" "PostmanRuntime/7.39.1"
